<?xml version="1.0" encoding="UTF-8"?>
<testsuite name="EncryptDecryptTest" tests="1" skipped="0" failures="0" errors="0" timestamp="2019-08-05T16:37:10" hostname="pop-os" time="0.034">
  <properties/>
  <testcase name="start" classname="EncryptDecryptTest" time="0.034"/>
  <system-out><![CDATA[bjqhtrj yt mdujwxpnqq
dbokcebo
cphpchdjcijdjibhdjebhjucspucmdmudbnuccup
i
]]></system-out>
  <system-err><![CDATA[Start test 1
Start test 2
Start test 3
Start test 4
]]></system-err>
</testsuite>
