<?xml version="1.0" encoding="UTF-8"?>
<testsuite name="EncryptDecryptTest" tests="1" skipped="0" failures="0" errors="0" timestamp="2019-08-05T21:03:50" hostname="pop-os" time="0.036">
  <properties/>
  <testcase name="start" classname="EncryptDecryptTest" time="0.036"/>
  <system-out><![CDATA[\jqhtrj%yt%m~ujwxpnqq&
Hello
123456789
Welcome to hyperskill!
Hi
111122223333
]]></system-out>
  <system-err><![CDATA[Start test 1
Start test 2
Start test 3
Start test 4
Start test 5
Start test 6
]]></system-err>
</testsuite>
